<?xml version="1.0" encoding="UTF-8"?>
<!-- Generated by org.testng.reporters.JUnitReportReporter -->
<testsuite hostname="LAPTOP-2MAM9RTQ" failures="0" tests="1" name="Shopping.LoginValidationTest" time="1.803" errors="0" timestamp="2025-06-18T11:03:48 IST" skipped="0">
  <testcase classname="Shopping.LoginValidationTest" name="loginValidationTest" time="1.803"/>
</testsuite> <!-- Shopping.LoginValidationTest -->
