<?xml version="1.0" encoding="UTF-8"?>
<!-- Generated by org.testng.reporters.JUnitReportReporter -->
<testsuite hostname="LAPTOP-2MAM9RTQ" failures="0" tests="1" name="Shopping.SubmitOrderTest" time="7.651" errors="0" timestamp="2025-06-19T19:15:21 IST" skipped="0">
  <testcase classname="Shopping.SubmitOrderTest" name="flipCart" time="7.651"/>
</testsuite> <!-- Shopping.SubmitOrderTest -->
