<?xml version="1.0" encoding="UTF-8"?>
<!-- Generated by org.testng.reporters.JUnitReportReporter -->
<testsuite hostname="LAPTOP-2MAM9RTQ" failures="0" tests="2" name="Basics.Shopping.SubmitOrderTest" time="19.867" errors="0" timestamp="2025-06-24T13:29:43 IST" skipped="0">
  <testcase classname="Basics.Shopping.SubmitOrderTest" name="flipCart" time="10.531"/>
  <testcase classname="Basics.Shopping.SubmitOrderTest" name="flipCart" time="9.336"/>
</testsuite> <!-- Basics.Shopping.SubmitOrderTest -->
