<?xml version="1.0" encoding="UTF-8"?>
<!-- Generated by org.testng.reporters.JUnitReportReporter -->
<testsuite hostname="LAPTOP-2MAM9RTQ" failures="0" tests="1" name="Basics.Shopping.AddToCartValidation" time="8.500" errors="0" timestamp="2025-06-23T21:22:10 IST" skipped="0">
  <testcase classname="Basics.Shopping.AddToCartValidation" name="addToCartValidation" time="8.500"/>
</testsuite> <!-- Basics.Shopping.AddToCartValidation -->
