<?xml version="1.0" encoding="UTF-8"?>
<!-- Generated by org.testng.reporters.JUnitReportReporter -->
<testsuite hostname="LAPTOP-2MAM9RTQ" failures="0" tests="1" name="Basics.Shopping.AddToCartValidation" time="9.359" errors="0" timestamp="2025-06-25T19:41:17 IST" skipped="0">
  <testcase classname="Basics.Shopping.AddToCartValidation" name="addToCartValidation" time="9.359"/>
</testsuite> <!-- Basics.Shopping.AddToCartValidation -->
