<?xml version="1.0" encoding="UTF-8"?>
<!-- Generated by org.testng.reporters.JUnitReportReporter -->
<testsuite hostname="LAPTOP-2MAM9RTQ" failures="0" tests="2" name="Basics.Shopping.SubmitOrderTest" time="16.430" errors="0" timestamp="2025-06-25T19:40:48 IST" skipped="0">
  <testcase classname="Basics.Shopping.SubmitOrderTest" name="flipCart" time="8.563"/>
  <testcase classname="Basics.Shopping.SubmitOrderTest" name="flipCart" time="7.867"/>
</testsuite> <!-- Basics.Shopping.SubmitOrderTest -->
