<?xml version="1.0" encoding="UTF-8"?>
<!-- Generated by org.testng.reporters.JUnitReportReporter -->
<testsuite hostname="LAPTOP-2MAM9RTQ" failures="0" tests="1" name="Basics.Shopping.AddToCartValidation" time="8.554" errors="0" timestamp="2025-06-29T00:41:38 IST" skipped="0">
  <testcase classname="Basics.Shopping.AddToCartValidation" name="addToCartValidation" time="8.554"/>
</testsuite> <!-- Basics.Shopping.AddToCartValidation -->
