<?xml version="1.0" encoding="UTF-8"?>
<!-- Generated by org.testng.reporters.JUnitReportReporter -->
<testsuite hostname="LAPTOP-2MAM9RTQ" failures="0" tests="1" name="Basics.Shopping.LoginValidationTest" time="6.192" errors="0" timestamp="2025-07-01T19:09:09 IST" skipped="0">
  <testcase classname="Basics.Shopping.LoginValidationTest" name="loginValidationTest" time="6.192"/>
</testsuite> <!-- Basics.Shopping.LoginValidationTest -->
