<?xml version="1.0" encoding="UTF-8"?>
<!-- Generated by org.testng.reporters.JUnitReportReporter -->
<testsuite hostname="LAPTOP-2MAM9RTQ" failures="0" tests="1" name="Basics.Shopping.LoginValidationTest" time="8.100" errors="0" timestamp="2025-06-30T16:54:46 IST" skipped="0">
  <testcase classname="Basics.Shopping.LoginValidationTest" name="loginValidationTest" time="8.100"/>
</testsuite> <!-- Basics.Shopping.LoginValidationTest -->
