<?xml version="1.0" encoding="UTF-8"?>
<!-- Generated by org.testng.reporters.JUnitReportReporter -->
<testsuite hostname="LAPTOP-2MAM9RTQ" failures="0" tests="1" name="Basics.Shopping.LoginValidationTest" time="5.251" errors="0" timestamp="2025-06-29T00:41:38 IST" skipped="0">
  <testcase classname="Basics.Shopping.LoginValidationTest" name="loginValidationTest" time="5.251"/>
</testsuite> <!-- Basics.Shopping.LoginValidationTest -->
